2020-04-07 17:21:53.736 INFO [main] [com.stepdefination.TestStepLogin] [the_user_launch_the_browser] [com.stepdefination.TestStepLogin.the_user_launch_the_browser(TestStepLogin.java:22)] - Browser is opened
2020-04-07 17:21:55.595 INFO [main] [com.stepdefination.TestStepLogin] [click_Administration_icon_and_enter_username_and_password] [com.stepdefination.TestStepLogin.click_Administration_icon_and_enter_username_and_password(TestStepLogin.java:33)] - successfully adminicon is clicked and username & password is entered
2020-04-07 17:21:57.058 INFO [main] [com.stepdefination.TestStepLogin] [click_login_button] [com.stepdefination.TestStepLogin.click_login_button(TestStepLogin.java:46)] - screenshot is successfully captured
2020-04-07 17:22:12.952 INFO [main] [com.stepdefination.TestStepLogin] [the_user_launch_the_browser] [com.stepdefination.TestStepLogin.the_user_launch_the_browser(TestStepLogin.java:22)] - Browser is opened
2020-04-07 17:22:14.553 INFO [main] [com.stepdefination.TestStepLogin] [click_Administration_icon_and_enter_username_and_password] [com.stepdefination.TestStepLogin.click_Administration_icon_and_enter_username_and_password(TestStepLogin.java:33)] - successfully adminicon is clicked and username & password is entered
2020-04-07 17:22:15.774 INFO [main] [com.stepdefination.TestStepLogin] [click_login_button] [com.stepdefination.TestStepLogin.click_login_button(TestStepLogin.java:46)] - screenshot is successfully captured
2020-04-07 17:49:06.600 INFO [main] [com.stepdefination.TestStepLogin] [the_user_launch_the_browser] [com.stepdefination.TestStepLogin.the_user_launch_the_browser(TestStepLogin.java:22)] - Browser is opened
2020-04-07 17:49:08.062 INFO [main] [com.stepdefination.TestStepLogin] [click_Administration_icon_and_enter_username_and_password] [com.stepdefination.TestStepLogin.click_Administration_icon_and_enter_username_and_password(TestStepLogin.java:33)] - successfully adminicon is clicked and username & password is entered
2020-04-07 17:49:09.587 INFO [main] [com.stepdefination.TestStepLogin] [click_login_button] [com.stepdefination.TestStepLogin.click_login_button(TestStepLogin.java:46)] - screenshot is successfully captured
2020-04-07 17:49:21.278 INFO [main] [com.stepdefination.TestStepLogin] [the_user_launch_the_browser] [com.stepdefination.TestStepLogin.the_user_launch_the_browser(TestStepLogin.java:22)] - Browser is opened
2020-04-07 17:49:22.756 INFO [main] [com.stepdefination.TestStepLogin] [click_Administration_icon_and_enter_username_and_password] [com.stepdefination.TestStepLogin.click_Administration_icon_and_enter_username_and_password(TestStepLogin.java:33)] - successfully adminicon is clicked and username & password is entered
2020-04-07 17:49:24.027 INFO [main] [com.stepdefination.TestStepLogin] [click_login_button] [com.stepdefination.TestStepLogin.click_login_button(TestStepLogin.java:46)] - screenshot is successfully captured
2020-04-07 17:49:35.703 INFO [main] [com.stepdefination.TestStepLogin] [the_user_launch_the_browser] [com.stepdefination.TestStepLogin.the_user_launch_the_browser(TestStepLogin.java:22)] - Browser is opened
2020-04-07 17:49:38.124 INFO [main] [com.stepdefination.TestStepSearch] [click_on_TaskList_icon_and_enter_search_details] [com.stepdefination.TestStepSearch.click_on_TaskList_icon_and_enter_search_details(TestStepSearch.java:25)] - successfully adminicon is clicked and username & password is entered
2020-04-07 17:49:39.152 INFO [main] [com.stepdefination.TestStepSearch] [click_on_TaskList_icon_and_enter_search_details] [com.stepdefination.TestStepSearch.click_on_TaskList_icon_and_enter_search_details(TestStepSearch.java:36)] - successfully tasklisticon is clicked and task details is entered
2020-04-07 17:49:40.483 INFO [main] [com.stepdefination.TestStepSearch] [click_search_button] [com.stepdefination.TestStepSearch.click_search_button(TestStepSearch.java:48)] - screenshot is successfully captured
2020-04-07 17:49:56.447 INFO [main] [com.stepdefination.TestStepLogin] [the_user_launch_the_browser] [com.stepdefination.TestStepLogin.the_user_launch_the_browser(TestStepLogin.java:22)] - Browser is opened
2020-04-07 17:49:58.911 INFO [main] [com.stepdefination.TestStepAddtask] [click_on_Addtaskicon_and_enter_task_details] [com.stepdefination.TestStepAddtask.click_on_Addtaskicon_and_enter_task_details(TestStepAddtask.java:25)] - successfully admin is clicked and username & password is entered
2020-04-07 17:50:02.645 INFO [main] [com.stepdefination.TestStepAddtask] [click_on_Add_button] [com.stepdefination.TestStepAddtask.click_on_Add_button(TestStepAddtask.java:49)] - screenshot is successfully captured
2020-04-07 17:50:14.456 INFO [main] [com.stepdefination.TestStepLogin] [the_user_launch_the_browser] [com.stepdefination.TestStepLogin.the_user_launch_the_browser(TestStepLogin.java:22)] - Browser is opened
2020-04-07 17:50:16.763 INFO [main] [com.stepdefination.TestStepAddPriority] [click_on_priority_and_add_new_priority] [com.stepdefination.TestStepAddPriority.click_on_priority_and_add_new_priority(TestStepAddPriority.java:25)] - successfully adminicon is clicked and username & password is entered
2020-04-07 17:50:18.202 INFO [main] [com.stepdefination.TestStepAddPriority] [click_on_priority_and_add_new_priority] [com.stepdefination.TestStepAddPriority.click_on_priority_and_add_new_priority(TestStepAddPriority.java:33)] - successfully priority is clicked and new priority is entered
2020-04-07 17:50:19.070 INFO [main] [com.stepdefination.TestStepAddPriority] [click_on_add_button] [com.stepdefination.TestStepAddPriority.click_on_add_button(TestStepAddPriority.java:44)] - screenshot is successfully captured
2020-04-07 18:30:53.855 INFO [main] [com.stepdefination.TestStepLogin] [the_user_launch_the_browser] [com.stepdefination.TestStepLogin.the_user_launch_the_browser(TestStepLogin.java:22)] - Browser is opened
2020-04-07 18:30:55.587 INFO [main] [com.stepdefination.TestStepLogin] [click_Administration_icon_and_enter_username_and_password] [com.stepdefination.TestStepLogin.click_Administration_icon_and_enter_username_and_password(TestStepLogin.java:31)] - adminicon is clicked and username & password are entered
2020-04-07 18:30:56.605 INFO [main] [com.stepdefination.TestStepLogin] [click_login_button] [com.stepdefination.TestStepLogin.click_login_button(TestStepLogin.java:38)] - clicked on login button
2020-04-07 18:30:56.991 INFO [main] [com.stepdefination.TestStepLogin] [click_login_button] [com.stepdefination.TestStepLogin.click_login_button(TestStepLogin.java:42)] - screenshot is captured
2020-04-07 18:31:09.008 INFO [main] [com.stepdefination.TestStepLogin] [the_user_launch_the_browser] [com.stepdefination.TestStepLogin.the_user_launch_the_browser(TestStepLogin.java:22)] - Browser is opened
2020-04-07 18:31:10.885 INFO [main] [com.stepdefination.TestStepLogin] [click_Administration_icon_and_enter_username_and_password] [com.stepdefination.TestStepLogin.click_Administration_icon_and_enter_username_and_password(TestStepLogin.java:31)] - adminicon is clicked and username & password are entered
2020-04-07 18:31:12.218 INFO [main] [com.stepdefination.TestStepLogin] [click_login_button] [com.stepdefination.TestStepLogin.click_login_button(TestStepLogin.java:38)] - clicked on login button
2020-04-07 18:31:12.609 INFO [main] [com.stepdefination.TestStepLogin] [click_login_button] [com.stepdefination.TestStepLogin.click_login_button(TestStepLogin.java:42)] - screenshot is captured
2020-04-07 18:31:24.675 INFO [main] [com.stepdefination.TestStepLogin] [the_user_launch_the_browser] [com.stepdefination.TestStepLogin.the_user_launch_the_browser(TestStepLogin.java:22)] - Browser is opened
2020-04-07 18:31:27.342 INFO [main] [com.stepdefination.TestStepSearch] [click_on_TaskList_icon_and_enter_search_details] [com.stepdefination.TestStepSearch.click_on_TaskList_icon_and_enter_search_details(TestStepSearch.java:25)] - successfully adminicon is clicked and username & password is entered
2020-04-07 18:31:28.377 INFO [main] [com.stepdefination.TestStepSearch] [click_on_TaskList_icon_and_enter_search_details] [com.stepdefination.TestStepSearch.click_on_TaskList_icon_and_enter_search_details(TestStepSearch.java:35)] - tasklisticon is clicked and task details is entered
2020-04-07 18:31:29.302 INFO [main] [com.stepdefination.TestStepSearch] [click_search_button] [com.stepdefination.TestStepSearch.click_search_button(TestStepSearch.java:42)] - clicked on searchbutton
2020-04-07 18:31:29.658 INFO [main] [com.stepdefination.TestStepSearch] [click_search_button] [com.stepdefination.TestStepSearch.click_search_button(TestStepSearch.java:46)] - screenshot is captured
2020-04-07 18:31:42.868 INFO [main] [com.stepdefination.TestStepLogin] [the_user_launch_the_browser] [com.stepdefination.TestStepLogin.the_user_launch_the_browser(TestStepLogin.java:22)] - Browser is opened
2020-04-07 18:31:45.491 INFO [main] [com.stepdefination.TestStepAddtask] [click_on_Addtaskicon_and_enter_task_details] [com.stepdefination.TestStepAddtask.click_on_Addtaskicon_and_enter_task_details(TestStepAddtask.java:25)] - successfully adminicon is clicked and username & password is entered
2020-04-07 18:31:48.046 INFO [main] [com.stepdefination.TestStepAddtask] [click_on_Addtaskicon_and_enter_task_details] [com.stepdefination.TestStepAddtask.click_on_Addtaskicon_and_enter_task_details(TestStepAddtask.java:38)] - taskicon is clicked and task details are entered
2020-04-07 18:31:49.231 INFO [main] [com.stepdefination.TestStepAddtask] [click_on_Add_button] [com.stepdefination.TestStepAddtask.click_on_Add_button(TestStepAddtask.java:44)] - clicked on addbutton
2020-04-07 18:31:49.765 INFO [main] [com.stepdefination.TestStepAddtask] [click_on_Add_button] [com.stepdefination.TestStepAddtask.click_on_Add_button(TestStepAddtask.java:48)] - screenshot is captured
2020-04-07 18:32:02.107 INFO [main] [com.stepdefination.TestStepLogin] [the_user_launch_the_browser] [com.stepdefination.TestStepLogin.the_user_launch_the_browser(TestStepLogin.java:22)] - Browser is opened
2020-04-07 18:32:05.004 INFO [main] [com.stepdefination.TestStepAddPriority] [click_on_priority_and_add_new_priority] [com.stepdefination.TestStepAddPriority.click_on_priority_and_add_new_priority(TestStepAddPriority.java:25)] - successfully adminicon is clicked and username & password is entered
2020-04-07 18:32:06.979 INFO [main] [com.stepdefination.TestStepAddPriority] [click_on_priority_and_add_new_priority] [com.stepdefination.TestStepAddPriority.click_on_priority_and_add_new_priority(TestStepAddPriority.java:33)] - successfully priority is clicked and new priority is entered
2020-04-07 18:32:07.548 INFO [main] [com.stepdefination.TestStepAddPriority] [click_on_add_button] [com.stepdefination.TestStepAddPriority.click_on_add_button(TestStepAddPriority.java:40)] - clicked on addbutton
2020-04-07 18:32:07.971 INFO [main] [com.stepdefination.TestStepAddPriority] [click_on_add_button] [com.stepdefination.TestStepAddPriority.click_on_add_button(TestStepAddPriority.java:44)] - screenshot is captured
2020-04-07 19:17:00.006 INFO [main] [com.stepdefination.TestStepLogin] [the_user_launch_the_browser] [com.stepdefination.TestStepLogin.the_user_launch_the_browser(TestStepLogin.java:22)] - Browser is opened
2020-04-07 19:17:01.860 INFO [main] [com.stepdefination.TestStepLogin] [click_Administration_icon_and_enter_username_and_password] [com.stepdefination.TestStepLogin.click_Administration_icon_and_enter_username_and_password(TestStepLogin.java:31)] - adminicon is clicked and username & password are entered
2020-04-07 19:17:02.757 INFO [main] [com.stepdefination.TestStepLogin] [click_login_button] [com.stepdefination.TestStepLogin.click_login_button(TestStepLogin.java:38)] - clicked on login button
2020-04-07 19:17:03.182 INFO [main] [com.stepdefination.TestStepLogin] [click_login_button] [com.stepdefination.TestStepLogin.click_login_button(TestStepLogin.java:42)] - screenshot is captured
2020-04-07 19:17:14.718 INFO [main] [com.stepdefination.TestStepLogin] [the_user_launch_the_browser] [com.stepdefination.TestStepLogin.the_user_launch_the_browser(TestStepLogin.java:22)] - Browser is opened
2020-04-07 19:17:16.154 INFO [main] [com.stepdefination.TestStepLogin] [click_Administration_icon_and_enter_username_and_password] [com.stepdefination.TestStepLogin.click_Administration_icon_and_enter_username_and_password(TestStepLogin.java:31)] - adminicon is clicked and username & password are entered
2020-04-07 19:17:16.997 INFO [main] [com.stepdefination.TestStepLogin] [click_login_button] [com.stepdefination.TestStepLogin.click_login_button(TestStepLogin.java:38)] - clicked on login button
2020-04-07 19:17:17.393 INFO [main] [com.stepdefination.TestStepLogin] [click_login_button] [com.stepdefination.TestStepLogin.click_login_button(TestStepLogin.java:42)] - screenshot is captured
2020-04-07 19:17:29.166 INFO [main] [com.stepdefination.TestStepLogin] [the_user_launch_the_browser] [com.stepdefination.TestStepLogin.the_user_launch_the_browser(TestStepLogin.java:22)] - Browser is opened
2020-04-07 19:17:31.587 INFO [main] [com.stepdefination.TestStepSearch] [click_on_TaskList_icon_and_enter_search_details] [com.stepdefination.TestStepSearch.click_on_TaskList_icon_and_enter_search_details(TestStepSearch.java:25)] - successfully adminicon is clicked and username & password is entered
2020-04-07 19:17:32.620 INFO [main] [com.stepdefination.TestStepSearch] [click_on_TaskList_icon_and_enter_search_details] [com.stepdefination.TestStepSearch.click_on_TaskList_icon_and_enter_search_details(TestStepSearch.java:35)] - tasklisticon is clicked and task details is entered
2020-04-07 19:17:33.560 INFO [main] [com.stepdefination.TestStepSearch] [click_search_button] [com.stepdefination.TestStepSearch.click_search_button(TestStepSearch.java:42)] - clicked on searchbutton
2020-04-07 19:17:33.918 INFO [main] [com.stepdefination.TestStepSearch] [click_search_button] [com.stepdefination.TestStepSearch.click_search_button(TestStepSearch.java:46)] - screenshot is captured
2020-04-07 19:17:45.683 INFO [main] [com.stepdefination.TestStepLogin] [the_user_launch_the_browser] [com.stepdefination.TestStepLogin.the_user_launch_the_browser(TestStepLogin.java:22)] - Browser is opened
2020-04-07 19:17:48.128 INFO [main] [com.stepdefination.TestStepAddtask] [click_on_Addtaskicon_and_enter_task_details] [com.stepdefination.TestStepAddtask.click_on_Addtaskicon_and_enter_task_details(TestStepAddtask.java:25)] - successfully adminicon is clicked and username & password is entered
2020-04-07 19:17:50.341 INFO [main] [com.stepdefination.TestStepAddtask] [click_on_Addtaskicon_and_enter_task_details] [com.stepdefination.TestStepAddtask.click_on_Addtaskicon_and_enter_task_details(TestStepAddtask.java:38)] - taskicon is clicked and task details are entered
2020-04-07 19:17:51.505 INFO [main] [com.stepdefination.TestStepAddtask] [click_on_Add_button] [com.stepdefination.TestStepAddtask.click_on_Add_button(TestStepAddtask.java:44)] - clicked on addbutton
2020-04-07 19:17:51.879 INFO [main] [com.stepdefination.TestStepAddtask] [click_on_Add_button] [com.stepdefination.TestStepAddtask.click_on_Add_button(TestStepAddtask.java:48)] - screenshot is captured
2020-04-07 19:18:03.597 INFO [main] [com.stepdefination.TestStepLogin] [the_user_launch_the_browser] [com.stepdefination.TestStepLogin.the_user_launch_the_browser(TestStepLogin.java:22)] - Browser is opened
2020-04-07 19:18:05.977 INFO [main] [com.stepdefination.TestStepAddPriority] [click_on_priority_and_add_new_priority] [com.stepdefination.TestStepAddPriority.click_on_priority_and_add_new_priority(TestStepAddPriority.java:27)] - successfully adminicon is clicked and username & password is entered
2020-04-07 19:18:09.019 INFO [main] [com.stepdefination.TestStepAddPriority] [click_on_priority_and_add_new_priority] [com.stepdefination.TestStepAddPriority.click_on_priority_and_add_new_priority(TestStepAddPriority.java:36)] - successfully priority is clicked and new priority is entered
2020-04-07 19:18:09.940 INFO [main] [com.stepdefination.TestStepAddPriority] [click_on_add_button] [com.stepdefination.TestStepAddPriority.click_on_add_button(TestStepAddPriority.java:43)] - clicked on addbutton
2020-04-07 19:18:10.295 INFO [main] [com.stepdefination.TestStepAddPriority] [click_on_add_button] [com.stepdefination.TestStepAddPriority.click_on_add_button(TestStepAddPriority.java:47)] - screenshot is successfully captured
2020-04-07 19:25:25.945 INFO [main] [com.stepdefination.TestStepLogin] [the_user_launch_the_browser] [com.stepdefination.TestStepLogin.the_user_launch_the_browser(TestStepLogin.java:22)] - Browser is opened
2020-04-07 19:25:27.507 INFO [main] [com.stepdefination.TestStepLogin] [click_Administration_icon_and_enter_username_and_password] [com.stepdefination.TestStepLogin.click_Administration_icon_and_enter_username_and_password(TestStepLogin.java:31)] - adminicon is clicked and username & password are entered
2020-04-07 19:25:28.347 INFO [main] [com.stepdefination.TestStepLogin] [click_login_button] [com.stepdefination.TestStepLogin.click_login_button(TestStepLogin.java:38)] - clicked on login button
2020-04-07 19:25:28.735 INFO [main] [com.stepdefination.TestStepLogin] [click_login_button] [com.stepdefination.TestStepLogin.click_login_button(TestStepLogin.java:42)] - screenshot is captured
2020-04-07 19:25:40.362 INFO [main] [com.stepdefination.TestStepLogin] [the_user_launch_the_browser] [com.stepdefination.TestStepLogin.the_user_launch_the_browser(TestStepLogin.java:22)] - Browser is opened
2020-04-07 19:25:41.894 INFO [main] [com.stepdefination.TestStepLogin] [click_Administration_icon_and_enter_username_and_password] [com.stepdefination.TestStepLogin.click_Administration_icon_and_enter_username_and_password(TestStepLogin.java:31)] - adminicon is clicked and username & password are entered
2020-04-07 19:25:42.814 INFO [main] [com.stepdefination.TestStepLogin] [click_login_button] [com.stepdefination.TestStepLogin.click_login_button(TestStepLogin.java:38)] - clicked on login button
2020-04-07 19:25:43.170 INFO [main] [com.stepdefination.TestStepLogin] [click_login_button] [com.stepdefination.TestStepLogin.click_login_button(TestStepLogin.java:42)] - screenshot is captured
2020-04-07 19:25:54.751 INFO [main] [com.stepdefination.TestStepLogin] [the_user_launch_the_browser] [com.stepdefination.TestStepLogin.the_user_launch_the_browser(TestStepLogin.java:22)] - Browser is opened
2020-04-07 19:25:57.121 INFO [main] [com.stepdefination.TestStepSearch] [click_on_TaskList_icon_and_enter_search_details] [com.stepdefination.TestStepSearch.click_on_TaskList_icon_and_enter_search_details(TestStepSearch.java:25)] - successfully adminicon is clicked and username & password is entered
2020-04-07 19:25:58.098 INFO [main] [com.stepdefination.TestStepSearch] [click_on_TaskList_icon_and_enter_search_details] [com.stepdefination.TestStepSearch.click_on_TaskList_icon_and_enter_search_details(TestStepSearch.java:35)] - tasklisticon is clicked and task details is entered
2020-04-07 19:25:59.093 INFO [main] [com.stepdefination.TestStepSearch] [click_search_button] [com.stepdefination.TestStepSearch.click_search_button(TestStepSearch.java:42)] - clicked on searchbutton
2020-04-07 19:25:59.456 INFO [main] [com.stepdefination.TestStepSearch] [click_search_button] [com.stepdefination.TestStepSearch.click_search_button(TestStepSearch.java:46)] - screenshot is captured
2020-04-07 19:26:11.212 INFO [main] [com.stepdefination.TestStepLogin] [the_user_launch_the_browser] [com.stepdefination.TestStepLogin.the_user_launch_the_browser(TestStepLogin.java:22)] - Browser is opened
2020-04-07 19:26:13.604 INFO [main] [com.stepdefination.TestStepAddtask] [click_on_Addtaskicon_and_enter_task_details] [com.stepdefination.TestStepAddtask.click_on_Addtaskicon_and_enter_task_details(TestStepAddtask.java:25)] - successfully adminicon is clicked and username & password is entered
2020-04-07 19:26:15.583 INFO [main] [com.stepdefination.TestStepAddtask] [click_on_Addtaskicon_and_enter_task_details] [com.stepdefination.TestStepAddtask.click_on_Addtaskicon_and_enter_task_details(TestStepAddtask.java:38)] - taskicon is clicked and task details are entered
2020-04-07 19:26:16.673 INFO [main] [com.stepdefination.TestStepAddtask] [click_on_Add_button] [com.stepdefination.TestStepAddtask.click_on_Add_button(TestStepAddtask.java:44)] - clicked on addbutton
2020-04-07 19:26:17.068 INFO [main] [com.stepdefination.TestStepAddtask] [click_on_Add_button] [com.stepdefination.TestStepAddtask.click_on_Add_button(TestStepAddtask.java:48)] - screenshot is captured
2020-04-07 19:26:28.725 INFO [main] [com.stepdefination.TestStepLogin] [the_user_launch_the_browser] [com.stepdefination.TestStepLogin.the_user_launch_the_browser(TestStepLogin.java:22)] - Browser is opened
2020-04-07 19:26:31.161 INFO [main] [com.stepdefination.TestStepAddPriority] [click_on_priority_and_add_new_priority] [com.stepdefination.TestStepAddPriority.click_on_priority_and_add_new_priority(TestStepAddPriority.java:27)] - successfully adminicon is clicked and username & password is entered
2020-04-07 19:26:33.751 INFO [main] [com.stepdefination.TestStepAddPriority] [click_on_priority_and_add_new_priority] [com.stepdefination.TestStepAddPriority.click_on_priority_and_add_new_priority(TestStepAddPriority.java:36)] - successfully priority is clicked and new priority is entered
2020-04-07 19:28:25.937 INFO [main] [com.stepdefination.TestStepLogin] [the_user_launch_the_browser] [com.stepdefination.TestStepLogin.the_user_launch_the_browser(TestStepLogin.java:22)] - Browser is opened
2020-04-07 19:28:27.479 INFO [main] [com.stepdefination.TestStepLogin] [click_Administration_icon_and_enter_username_and_password] [com.stepdefination.TestStepLogin.click_Administration_icon_and_enter_username_and_password(TestStepLogin.java:31)] - adminicon is clicked and username & password are entered
2020-04-07 19:28:28.442 INFO [main] [com.stepdefination.TestStepLogin] [click_login_button] [com.stepdefination.TestStepLogin.click_login_button(TestStepLogin.java:38)] - clicked on login button
2020-04-07 19:28:28.815 INFO [main] [com.stepdefination.TestStepLogin] [click_login_button] [com.stepdefination.TestStepLogin.click_login_button(TestStepLogin.java:42)] - screenshot is captured
2020-04-07 19:28:40.490 INFO [main] [com.stepdefination.TestStepLogin] [the_user_launch_the_browser] [com.stepdefination.TestStepLogin.the_user_launch_the_browser(TestStepLogin.java:22)] - Browser is opened
2020-04-07 19:28:41.922 INFO [main] [com.stepdefination.TestStepLogin] [click_Administration_icon_and_enter_username_and_password] [com.stepdefination.TestStepLogin.click_Administration_icon_and_enter_username_and_password(TestStepLogin.java:31)] - adminicon is clicked and username & password are entered
2020-04-07 19:28:42.828 INFO [main] [com.stepdefination.TestStepLogin] [click_login_button] [com.stepdefination.TestStepLogin.click_login_button(TestStepLogin.java:38)] - clicked on login button
2020-04-07 19:28:43.153 INFO [main] [com.stepdefination.TestStepLogin] [click_login_button] [com.stepdefination.TestStepLogin.click_login_button(TestStepLogin.java:42)] - screenshot is captured
2020-04-07 19:28:54.904 INFO [main] [com.stepdefination.TestStepLogin] [the_user_launch_the_browser] [com.stepdefination.TestStepLogin.the_user_launch_the_browser(TestStepLogin.java:22)] - Browser is opened
2020-04-07 19:28:57.290 INFO [main] [com.stepdefination.TestStepSearch] [click_on_TaskList_icon_and_enter_search_details] [com.stepdefination.TestStepSearch.click_on_TaskList_icon_and_enter_search_details(TestStepSearch.java:25)] - successfully adminicon is clicked and username & password is entered
2020-04-07 19:28:58.356 INFO [main] [com.stepdefination.TestStepSearch] [click_on_TaskList_icon_and_enter_search_details] [com.stepdefination.TestStepSearch.click_on_TaskList_icon_and_enter_search_details(TestStepSearch.java:35)] - tasklisticon is clicked and task details is entered
2020-04-07 19:28:59.308 INFO [main] [com.stepdefination.TestStepSearch] [click_search_button] [com.stepdefination.TestStepSearch.click_search_button(TestStepSearch.java:42)] - clicked on searchbutton
2020-04-07 19:28:59.656 INFO [main] [com.stepdefination.TestStepSearch] [click_search_button] [com.stepdefination.TestStepSearch.click_search_button(TestStepSearch.java:46)] - screenshot is captured
2020-04-07 19:29:11.505 INFO [main] [com.stepdefination.TestStepLogin] [the_user_launch_the_browser] [com.stepdefination.TestStepLogin.the_user_launch_the_browser(TestStepLogin.java:22)] - Browser is opened
2020-04-07 19:29:13.924 INFO [main] [com.stepdefination.TestStepAddtask] [click_on_Addtaskicon_and_enter_task_details] [com.stepdefination.TestStepAddtask.click_on_Addtaskicon_and_enter_task_details(TestStepAddtask.java:25)] - successfully adminicon is clicked and username & password is entered
2020-04-07 19:29:15.906 INFO [main] [com.stepdefination.TestStepAddtask] [click_on_Addtaskicon_and_enter_task_details] [com.stepdefination.TestStepAddtask.click_on_Addtaskicon_and_enter_task_details(TestStepAddtask.java:38)] - taskicon is clicked and task details are entered
2020-04-07 19:29:16.973 INFO [main] [com.stepdefination.TestStepAddtask] [click_on_Add_button] [com.stepdefination.TestStepAddtask.click_on_Add_button(TestStepAddtask.java:44)] - clicked on addbutton
2020-04-07 19:29:17.403 INFO [main] [com.stepdefination.TestStepAddtask] [click_on_Add_button] [com.stepdefination.TestStepAddtask.click_on_Add_button(TestStepAddtask.java:48)] - screenshot is captured
2020-04-07 19:29:29.112 INFO [main] [com.stepdefination.TestStepLogin] [the_user_launch_the_browser] [com.stepdefination.TestStepLogin.the_user_launch_the_browser(TestStepLogin.java:22)] - Browser is opened
2020-04-07 19:29:31.557 INFO [main] [com.stepdefination.TestStepAddPriority] [click_on_priority_and_add_new_priority] [com.stepdefination.TestStepAddPriority.click_on_priority_and_add_new_priority(TestStepAddPriority.java:27)] - successfully adminicon is clicked and username & password is entered
2020-04-07 19:29:33.949 INFO [main] [com.stepdefination.TestStepAddPriority] [click_on_priority_and_add_new_priority] [com.stepdefination.TestStepAddPriority.click_on_priority_and_add_new_priority(TestStepAddPriority.java:36)] - successfully priority is clicked and new priority is entered
2020-04-07 19:33:11.242 INFO [main] [com.stepdefination.TestStepLogin] [the_user_launch_the_browser] [com.stepdefination.TestStepLogin.the_user_launch_the_browser(TestStepLogin.java:22)] - Browser is opened
2020-04-07 19:33:12.931 INFO [main] [com.stepdefination.TestStepLogin] [click_Administration_icon_and_enter_username_and_password] [com.stepdefination.TestStepLogin.click_Administration_icon_and_enter_username_and_password(TestStepLogin.java:31)] - adminicon is clicked and username & password are entered
2020-04-07 19:33:13.980 INFO [main] [com.stepdefination.TestStepLogin] [click_login_button] [com.stepdefination.TestStepLogin.click_login_button(TestStepLogin.java:38)] - clicked on login button
2020-04-07 19:33:14.423 INFO [main] [com.stepdefination.TestStepLogin] [click_login_button] [com.stepdefination.TestStepLogin.click_login_button(TestStepLogin.java:42)] - screenshot is captured
2020-04-07 19:33:26.124 INFO [main] [com.stepdefination.TestStepLogin] [the_user_launch_the_browser] [com.stepdefination.TestStepLogin.the_user_launch_the_browser(TestStepLogin.java:22)] - Browser is opened
2020-04-07 19:33:27.655 INFO [main] [com.stepdefination.TestStepLogin] [click_Administration_icon_and_enter_username_and_password] [com.stepdefination.TestStepLogin.click_Administration_icon_and_enter_username_and_password(TestStepLogin.java:31)] - adminicon is clicked and username & password are entered
2020-04-07 19:33:28.535 INFO [main] [com.stepdefination.TestStepLogin] [click_login_button] [com.stepdefination.TestStepLogin.click_login_button(TestStepLogin.java:38)] - clicked on login button
2020-04-07 19:33:29.011 INFO [main] [com.stepdefination.TestStepLogin] [click_login_button] [com.stepdefination.TestStepLogin.click_login_button(TestStepLogin.java:42)] - screenshot is captured
2020-04-07 19:33:41.052 INFO [main] [com.stepdefination.TestStepLogin] [the_user_launch_the_browser] [com.stepdefination.TestStepLogin.the_user_launch_the_browser(TestStepLogin.java:22)] - Browser is opened
2020-04-07 19:33:43.394 INFO [main] [com.stepdefination.TestStepSearch] [click_on_TaskList_icon_and_enter_search_details] [com.stepdefination.TestStepSearch.click_on_TaskList_icon_and_enter_search_details(TestStepSearch.java:25)] - successfully adminicon is clicked and username & password is entered
2020-04-07 19:33:44.433 INFO [main] [com.stepdefination.TestStepSearch] [click_on_TaskList_icon_and_enter_search_details] [com.stepdefination.TestStepSearch.click_on_TaskList_icon_and_enter_search_details(TestStepSearch.java:35)] - tasklisticon is clicked and task details is entered
2020-04-07 19:33:45.382 INFO [main] [com.stepdefination.TestStepSearch] [click_search_button] [com.stepdefination.TestStepSearch.click_search_button(TestStepSearch.java:42)] - clicked on searchbutton
2020-04-07 19:33:45.724 INFO [main] [com.stepdefination.TestStepSearch] [click_search_button] [com.stepdefination.TestStepSearch.click_search_button(TestStepSearch.java:46)] - screenshot is captured
2020-04-07 19:34:01.338 INFO [main] [com.stepdefination.TestStepLogin] [the_user_launch_the_browser] [com.stepdefination.TestStepLogin.the_user_launch_the_browser(TestStepLogin.java:22)] - Browser is opened
2020-04-07 19:34:03.809 INFO [main] [com.stepdefination.TestStepAddtask] [click_on_Addtaskicon_and_enter_task_details] [com.stepdefination.TestStepAddtask.click_on_Addtaskicon_and_enter_task_details(TestStepAddtask.java:25)] - successfully adminicon is clicked and username & password is entered
2020-04-07 19:34:05.684 INFO [main] [com.stepdefination.TestStepAddtask] [click_on_Addtaskicon_and_enter_task_details] [com.stepdefination.TestStepAddtask.click_on_Addtaskicon_and_enter_task_details(TestStepAddtask.java:38)] - taskicon is clicked and task details are entered
2020-04-07 19:34:06.677 INFO [main] [com.stepdefination.TestStepAddtask] [click_on_Add_button] [com.stepdefination.TestStepAddtask.click_on_Add_button(TestStepAddtask.java:44)] - clicked on addbutton
2020-04-07 19:34:07.063 INFO [main] [com.stepdefination.TestStepAddtask] [click_on_Add_button] [com.stepdefination.TestStepAddtask.click_on_Add_button(TestStepAddtask.java:48)] - screenshot is captured
2020-04-07 19:34:18.789 INFO [main] [com.stepdefination.TestStepLogin] [the_user_launch_the_browser] [com.stepdefination.TestStepLogin.the_user_launch_the_browser(TestStepLogin.java:22)] - Browser is opened
2020-04-07 19:34:21.176 INFO [main] [com.stepdefination.TestStepAddPriority] [click_on_priority_and_add_new_priority] [com.stepdefination.TestStepAddPriority.click_on_priority_and_add_new_priority(TestStepAddPriority.java:27)] - successfully adminicon is clicked and username & password is entered
2020-04-07 19:34:23.648 INFO [main] [com.stepdefination.TestStepAddPriority] [click_on_priority_and_add_new_priority] [com.stepdefination.TestStepAddPriority.click_on_priority_and_add_new_priority(TestStepAddPriority.java:36)] - successfully priority is clicked and new priority is entered
2020-04-07 19:34:24.557 INFO [main] [com.stepdefination.TestStepAddPriority] [click_on_add_button] [com.stepdefination.TestStepAddPriority.click_on_add_button(TestStepAddPriority.java:43)] - clicked on addbutton
2020-04-07 19:34:24.981 INFO [main] [com.stepdefination.TestStepAddPriority] [click_on_add_button] [com.stepdefination.TestStepAddPriority.click_on_add_button(TestStepAddPriority.java:47)] - screenshot is successfully captured
2020-04-07 19:35:38.022 INFO [main] [com.stepdefination.TestStepLogin] [the_user_launch_the_browser] [com.stepdefination.TestStepLogin.the_user_launch_the_browser(TestStepLogin.java:22)] - Browser is opened
2020-04-07 19:35:39.594 INFO [main] [com.stepdefination.TestStepLogin] [click_Administration_icon_and_enter_username_and_password] [com.stepdefination.TestStepLogin.click_Administration_icon_and_enter_username_and_password(TestStepLogin.java:31)] - adminicon is clicked and username & password are entered
2020-04-07 19:35:40.464 INFO [main] [com.stepdefination.TestStepLogin] [click_login_button] [com.stepdefination.TestStepLogin.click_login_button(TestStepLogin.java:38)] - clicked on login button
2020-04-07 19:35:40.844 INFO [main] [com.stepdefination.TestStepLogin] [click_login_button] [com.stepdefination.TestStepLogin.click_login_button(TestStepLogin.java:42)] - screenshot is captured
2020-04-07 19:35:52.923 INFO [main] [com.stepdefination.TestStepLogin] [the_user_launch_the_browser] [com.stepdefination.TestStepLogin.the_user_launch_the_browser(TestStepLogin.java:22)] - Browser is opened
2020-04-07 19:35:54.463 INFO [main] [com.stepdefination.TestStepLogin] [click_Administration_icon_and_enter_username_and_password] [com.stepdefination.TestStepLogin.click_Administration_icon_and_enter_username_and_password(TestStepLogin.java:31)] - adminicon is clicked and username & password are entered
2020-04-07 19:35:55.307 INFO [main] [com.stepdefination.TestStepLogin] [click_login_button] [com.stepdefination.TestStepLogin.click_login_button(TestStepLogin.java:38)] - clicked on login button
2020-04-07 19:35:55.675 INFO [main] [com.stepdefination.TestStepLogin] [click_login_button] [com.stepdefination.TestStepLogin.click_login_button(TestStepLogin.java:42)] - screenshot is captured
2020-04-07 19:36:07.462 INFO [main] [com.stepdefination.TestStepLogin] [the_user_launch_the_browser] [com.stepdefination.TestStepLogin.the_user_launch_the_browser(TestStepLogin.java:22)] - Browser is opened
2020-04-07 19:36:09.941 INFO [main] [com.stepdefination.TestStepSearch] [click_on_TaskList_icon_and_enter_search_details] [com.stepdefination.TestStepSearch.click_on_TaskList_icon_and_enter_search_details(TestStepSearch.java:25)] - successfully adminicon is clicked and username & password is entered
2020-04-07 19:36:10.986 INFO [main] [com.stepdefination.TestStepSearch] [click_on_TaskList_icon_and_enter_search_details] [com.stepdefination.TestStepSearch.click_on_TaskList_icon_and_enter_search_details(TestStepSearch.java:35)] - tasklisticon is clicked and task details is entered
2020-04-07 19:36:12.015 INFO [main] [com.stepdefination.TestStepSearch] [click_search_button] [com.stepdefination.TestStepSearch.click_search_button(TestStepSearch.java:42)] - clicked on searchbutton
2020-04-07 19:36:12.474 INFO [main] [com.stepdefination.TestStepSearch] [click_search_button] [com.stepdefination.TestStepSearch.click_search_button(TestStepSearch.java:46)] - screenshot is captured
2020-04-07 19:36:28.264 INFO [main] [com.stepdefination.TestStepLogin] [the_user_launch_the_browser] [com.stepdefination.TestStepLogin.the_user_launch_the_browser(TestStepLogin.java:22)] - Browser is opened
2020-04-07 19:36:30.608 INFO [main] [com.stepdefination.TestStepAddtask] [click_on_Addtaskicon_and_enter_task_details] [com.stepdefination.TestStepAddtask.click_on_Addtaskicon_and_enter_task_details(TestStepAddtask.java:25)] - successfully adminicon is clicked and username & password is entered
2020-04-07 19:36:32.733 INFO [main] [com.stepdefination.TestStepAddtask] [click_on_Addtaskicon_and_enter_task_details] [com.stepdefination.TestStepAddtask.click_on_Addtaskicon_and_enter_task_details(TestStepAddtask.java:38)] - taskicon is clicked and task details are entered
2020-04-07 19:36:33.997 INFO [main] [com.stepdefination.TestStepAddtask] [click_on_Add_button] [com.stepdefination.TestStepAddtask.click_on_Add_button(TestStepAddtask.java:44)] - clicked on addbutton
2020-04-07 19:36:34.348 INFO [main] [com.stepdefination.TestStepAddtask] [click_on_Add_button] [com.stepdefination.TestStepAddtask.click_on_Add_button(TestStepAddtask.java:48)] - screenshot is captured
2020-04-07 19:36:46.166 INFO [main] [com.stepdefination.TestStepLogin] [the_user_launch_the_browser] [com.stepdefination.TestStepLogin.the_user_launch_the_browser(TestStepLogin.java:22)] - Browser is opened
2020-04-07 19:36:48.526 INFO [main] [com.stepdefination.TestStepAddPriority] [click_on_priority_and_add_new_priority] [com.stepdefination.TestStepAddPriority.click_on_priority_and_add_new_priority(TestStepAddPriority.java:27)] - successfully adminicon is clicked and username & password is entered
2020-04-07 19:37:38.884 INFO [main] [com.stepdefination.TestStepLogin] [the_user_launch_the_browser] [com.stepdefination.TestStepLogin.the_user_launch_the_browser(TestStepLogin.java:22)] - Browser is opened
2020-04-07 19:37:40.525 INFO [main] [com.stepdefination.TestStepLogin] [click_Administration_icon_and_enter_username_and_password] [com.stepdefination.TestStepLogin.click_Administration_icon_and_enter_username_and_password(TestStepLogin.java:31)] - adminicon is clicked and username & password are entered
2020-04-07 19:37:41.432 INFO [main] [com.stepdefination.TestStepLogin] [click_login_button] [com.stepdefination.TestStepLogin.click_login_button(TestStepLogin.java:38)] - clicked on login button
2020-04-07 19:37:41.981 INFO [main] [com.stepdefination.TestStepLogin] [click_login_button] [com.stepdefination.TestStepLogin.click_login_button(TestStepLogin.java:42)] - screenshot is captured
2020-04-07 19:37:54.830 INFO [main] [com.stepdefination.TestStepLogin] [the_user_launch_the_browser] [com.stepdefination.TestStepLogin.the_user_launch_the_browser(TestStepLogin.java:22)] - Browser is opened
2020-04-07 19:37:56.607 INFO [main] [com.stepdefination.TestStepLogin] [click_Administration_icon_and_enter_username_and_password] [com.stepdefination.TestStepLogin.click_Administration_icon_and_enter_username_and_password(TestStepLogin.java:31)] - adminicon is clicked and username & password are entered
2020-04-07 19:37:57.812 INFO [main] [com.stepdefination.TestStepLogin] [click_login_button] [com.stepdefination.TestStepLogin.click_login_button(TestStepLogin.java:38)] - clicked on login button
2020-04-07 19:37:58.275 INFO [main] [com.stepdefination.TestStepLogin] [click_login_button] [com.stepdefination.TestStepLogin.click_login_button(TestStepLogin.java:42)] - screenshot is captured
2020-04-07 19:38:12.746 INFO [main] [com.stepdefination.TestStepLogin] [the_user_launch_the_browser] [com.stepdefination.TestStepLogin.the_user_launch_the_browser(TestStepLogin.java:22)] - Browser is opened
2020-04-07 19:38:15.179 INFO [main] [com.stepdefination.TestStepSearch] [click_on_TaskList_icon_and_enter_search_details] [com.stepdefination.TestStepSearch.click_on_TaskList_icon_and_enter_search_details(TestStepSearch.java:25)] - successfully adminicon is clicked and username & password is entered
2020-04-07 19:38:16.239 INFO [main] [com.stepdefination.TestStepSearch] [click_on_TaskList_icon_and_enter_search_details] [com.stepdefination.TestStepSearch.click_on_TaskList_icon_and_enter_search_details(TestStepSearch.java:35)] - tasklisticon is clicked and task details is entered
2020-04-07 19:38:17.396 INFO [main] [com.stepdefination.TestStepSearch] [click_search_button] [com.stepdefination.TestStepSearch.click_search_button(TestStepSearch.java:42)] - clicked on searchbutton
2020-04-07 19:38:17.872 INFO [main] [com.stepdefination.TestStepSearch] [click_search_button] [com.stepdefination.TestStepSearch.click_search_button(TestStepSearch.java:46)] - screenshot is captured
2020-04-07 19:38:29.959 INFO [main] [com.stepdefination.TestStepLogin] [the_user_launch_the_browser] [com.stepdefination.TestStepLogin.the_user_launch_the_browser(TestStepLogin.java:22)] - Browser is opened
2020-04-07 19:38:32.612 INFO [main] [com.stepdefination.TestStepAddtask] [click_on_Addtaskicon_and_enter_task_details] [com.stepdefination.TestStepAddtask.click_on_Addtaskicon_and_enter_task_details(TestStepAddtask.java:25)] - successfully adminicon is clicked and username & password is entered
2020-04-07 19:38:34.882 INFO [main] [com.stepdefination.TestStepAddtask] [click_on_Addtaskicon_and_enter_task_details] [com.stepdefination.TestStepAddtask.click_on_Addtaskicon_and_enter_task_details(TestStepAddtask.java:38)] - taskicon is clicked and task details are entered
2020-04-07 19:38:35.979 INFO [main] [com.stepdefination.TestStepAddtask] [click_on_Add_button] [com.stepdefination.TestStepAddtask.click_on_Add_button(TestStepAddtask.java:44)] - clicked on addbutton
2020-04-07 19:38:36.448 INFO [main] [com.stepdefination.TestStepAddtask] [click_on_Add_button] [com.stepdefination.TestStepAddtask.click_on_Add_button(TestStepAddtask.java:48)] - screenshot is captured
2020-04-07 19:38:52.141 INFO [main] [com.stepdefination.TestStepLogin] [the_user_launch_the_browser] [com.stepdefination.TestStepLogin.the_user_launch_the_browser(TestStepLogin.java:22)] - Browser is opened
2020-04-07 19:38:54.646 INFO [main] [com.stepdefination.TestStepAddPriority] [click_on_priority_and_add_new_priority] [com.stepdefination.TestStepAddPriority.click_on_priority_and_add_new_priority(TestStepAddPriority.java:27)] - successfully adminicon is clicked and username & password is entered
2020-04-07 19:38:57.325 INFO [main] [com.stepdefination.TestStepAddPriority] [click_on_priority_and_add_new_priority] [com.stepdefination.TestStepAddPriority.click_on_priority_and_add_new_priority(TestStepAddPriority.java:36)] - successfully priority is clicked and new priority is entered
2020-04-07 19:38:58.379 INFO [main] [com.stepdefination.TestStepAddPriority] [click_on_add_button] [com.stepdefination.TestStepAddPriority.click_on_add_button(TestStepAddPriority.java:43)] - clicked on addbutton
2020-04-07 19:38:58.802 INFO [main] [com.stepdefination.TestStepAddPriority] [click_on_add_button] [com.stepdefination.TestStepAddPriority.click_on_add_button(TestStepAddPriority.java:47)] - screenshot is successfully captured
